2025/08/26 16:21:09 Starting YDB CDC Processor (Go) with YDB Endpoint: grpc://localhost:2136, YDB Database: /local, PostgreSQL: postgres://postgres:mysecretpassword@localhost:5432/mydb
2025/08/26 16:21:20 Starting YDB CDC Processor (Go) with YDB Endpoint: grpc://localhost:2136, YDB Database: /local, PostgreSQL: postgres://postgres:mysecretpassword@localhost:5432/mydb
2025/08/26 16:21:51 Starting YDB CDC Processor (Go) with YDB Endpoint: grpc://localhost:2136, YDB Database: /local, PostgreSQL: postgres://postgres:mysecretpassword@localhost:5432/mydb
2025/08/26 16:24:27 Starting YDB CDC Processor (Go) with YDB Endpoint: grpc://localhost:2136, YDB Database: /local, PostgreSQL: postgres://postgres:mysecretpassword@localhost:5432/mydb
2025/08/26 16:42:27 Starting YDB CDC Processor (Go) with YDB Endpoint: grpc://localhost:2136, YDB Database: /local, PostgreSQL: postgres://postgres:mysecretpassword@localhost:5432/mydb
2025/08/26 16:44:08 Starting YDB CDC Processor (Go) with YDB Endpoint: grpc://localhost:2136, YDB Database: /local, PostgreSQL: postgres://postgres:mysecretpassword@localhost:5432/mydb
2025/08/26 16:45:20 Starting YDB CDC Processor (Go) with YDB Endpoint: grpc://localhost:2136, YDB Database: /local, PostgreSQL: postgres://postgres:mysecretpassword@localhost:5432/mydb
2025/08/26 16:47:13 Starting YDB CDC Processor (Go) with YDB Endpoint: grpc://localhost:2136, YDB Database: /local, PostgreSQL: postgres://postgres:mysecretpassword@localhost:5432/mydb
2025/08/26 16:47:59 Starting YDB CDC Processor (Go) with YDB Endpoint: grpc://localhost:2136, YDB Database: /local, PostgreSQL: postgres://postgres:mysecretpassword@localhost:5432/mydb
2025/08/26 16:48:00 db opened
2025/08/26 16:48:43 Starting YDB CDC Processor (Go) with YDB Endpoint: grpc://localhost:2136, YDB Database: /local, PostgreSQL: postgres://postgres:mysecretpassword@localhost:5432/mydb
2025/08/26 16:48:44 ydb connected
2025/08/26 16:48:44 pg connected
2025/08/26 16:48:44 PostgreSQL table 'my_pg_table' ensured.
2025/08/26 16:49:53 Starting YDB CDC Processor (Go) with YDB Endpoint: grpc://localhost:2136, YDB Database: /local, PostgreSQL: postgres://postgres:mysecretpassword@localhost:5432/mydb
2025/08/26 16:49:54 ydb connected
2025/08/26 16:49:54 pg connected
2025/08/26 16:49:54 PostgreSQL table 'my_pg_table' ensured.
2025/08/26 16:52:13 Starting YDB CDC Processor (Go) with YDB Endpoint: grpc://localhost:2136, YDB Database: /local, PostgreSQL: postgres://postgres:mysecretpassword@localhost:5432/mydb
2025/08/26 16:52:15 ydb connected
2025/08/26 16:52:15 pg connected
2025/08/26 16:52:15 PostgreSQL table 'my_pg_table' ensured.
2025/08/26 16:56:00 Starting YDB CDC Processor (Go) with YDB Endpoint: grpc://localhost:2136, YDB Database: /local, PostgreSQL: postgres://postgres:mysecretpassword@localhost:5432/mydb
2025/08/26 16:56:01 ydb connected
2025/08/26 16:56:01 pg connected
2025/08/26 16:56:01 PostgreSQL table 'my_pg_table' ensured.
2025/08/26 16:57:02 Starting YDB CDC Processor (Go) with YDB Endpoint: grpc://localhost:2136, YDB Database: /local, PostgreSQL: postgres://postgres:mysecretpassword@localhost:5432/mydb
2025/08/26 16:57:03 ydb connected
2025/08/26 16:57:03 pg connected
2025/08/26 16:57:03 PostgreSQL table 'my_pg_table' ensured.
2025/08/26 16:57:03 Init reader
2025/08/26 16:57:03 Starting to read from YDB CDC stream '/local/my_table/my_cdc_stream'...
2025/08/26 16:57:22 Starting YDB CDC Processor (Go) with YDB Endpoint: grpc://localhost:2136, YDB Database: /local, PostgreSQL: postgres://postgres:mysecretpassword@localhost:5432/mydb
2025/08/26 16:57:24 ydb connected
2025/08/26 16:57:24 pg connected
2025/08/26 16:57:24 PostgreSQL table 'my_pg_table' ensured.
2025/08/26 16:57:24 Init reader
2025/08/26 16:57:24 Starting to read from YDB CDC stream '/local/my_table/my_cdc_stream'...
2025/08/26 16:58:14 Starting YDB CDC Processor (Go) with YDB Endpoint: grpc://localhost:2136, YDB Database: /local, PostgreSQL: postgres://postgres:mysecretpassword@localhost:5432/mydb
2025/08/26 16:58:16 ydb connected
2025/08/26 16:58:16 pg connected
2025/08/26 16:58:16 PostgreSQL table 'my_pg_table' ensured.
2025/08/26 16:58:16 Init reader
2025/08/26 16:58:16 Starting to read from YDB CDC stream '/local/my_table/my_cdc_stream'...
2025/08/26 16:58:46 Starting YDB CDC Processor (Go) with YDB Endpoint: grpc://localhost:2136, YDB Database: /local, PostgreSQL: postgres://postgres:mysecretpassword@localhost:5432/mydb
2025/08/26 16:58:47 ydb connected
2025/08/26 16:58:47 pg connected
2025/08/26 16:58:47 PostgreSQL table 'my_pg_table' ensured.
2025/08/26 16:59:05 Starting YDB CDC Processor (Go) with YDB Endpoint: grpc://localhost:2136, YDB Database: /local, PostgreSQL: postgres://postgres:mysecretpassword@localhost:5432/mydb
2025/08/26 16:59:06 ydb connected
2025/08/26 16:59:06 pg connected
2025/08/26 16:59:06 PostgreSQL table 'my_pg_table' ensured.
2025/08/26 16:59:06 /local/my_table/my_cdc_stream
2025/08/26 17:00:07 Starting YDB CDC Processor (Go) with YDB Endpoint: grpc://localhost:2136, YDB Database: /local, PostgreSQL: postgres://postgres:mysecretpassword@localhost:5432/mydb
2025/08/26 17:00:08 ydb connected
2025/08/26 17:00:08 pg connected
2025/08/26 17:00:08 PostgreSQL table 'my_pg_table' ensured.
2025/08/26 17:00:08 Init reader
2025/08/26 17:00:08 Starting to read from YDB CDC stream '/local/my_table/my_cdc_stream'...
2025/08/26 17:00:42 Starting YDB CDC Processor (Go) with YDB Endpoint: grpc://localhost:2136, YDB Database: /local, PostgreSQL: postgres://postgres:mysecretpassword@localhost:5432/mydb
2025/08/26 17:00:44 ydb connected
2025/08/26 17:00:44 pg connected
2025/08/26 17:00:44 PostgreSQL table 'my_pg_table' ensured.
2025/08/26 17:00:44 Init reader
2025/08/26 17:00:44 Starting to read from YDB CDC stream '/local/my_table/my_cdc_stream'...
2025/08/26 17:00:44 Wait
2025/08/26 17:03:08 Starting YDB CDC Processor (Go) with YDB Endpoint: grpc://localhost:2136, YDB Database: /local, PostgreSQL: postgres://postgres:mysecretpassword@localhost:5432/mydb
2025/08/26 17:03:10 ydb connected
2025/08/26 17:03:10 pg connected
2025/08/26 17:03:10 PostgreSQL table 'my_pg_table' ensured.
2025/08/26 17:08:40 Starting YDB CDC Processor (Go) with YDB Endpoint: grpc://localhost:2136, YDB Database: /local, PostgreSQL: postgres://postgres:mysecretpassword@localhost:5432/mydb
2025/08/26 17:08:41 ydb connected
2025/08/26 17:08:41 pg connected
2025/08/26 17:08:41 PostgreSQL table 'my_pg_table' ensured.
2025/08/26 17:09:30 Starting YDB CDC Processor (Go) with YDB Endpoint: grpc://localhost:2136, YDB Database: /local, PostgreSQL: postgres://postgres:mysecretpassword@localhost:5432/mydb
2025/08/26 17:09:31 ydb connected
2025/08/26 17:09:31 pg connected
2025/08/26 17:09:31 PostgreSQL table 'my_pg_table' ensured.
2025/08/26 17:09:59 Starting YDB CDC Processor (Go) with YDB Endpoint: grpc://localhost:2136, YDB Database: /local, PostgreSQL: postgres://postgres:mysecretpassword@localhost:5432/mydb
2025/08/26 17:10:00 ydb connected
2025/08/26 17:10:00 pg connected
2025/08/26 17:10:00 PostgreSQL table 'my_pg_table' ensured.
2025/08/26 17:10:00 Printed topic descr
2025/08/26 17:10:00 Init reader
2025/08/26 17:10:00 Starting to read from YDB CDC stream '/local/my_table/my_cdc_stream'...
2025/08/26 17:10:00 Wait
2025/08/26 17:12:58 Starting YDB CDC Processor (Go) with YDB Endpoint: grpc://localhost:2136, YDB Database: /local, PostgreSQL: postgres://postgres:mysecretpassword@localhost:5432/mydb
2025/08/26 17:12:59 ydb connected
2025/08/26 17:12:59 pg connected
2025/08/26 17:12:59 PostgreSQL table 'my_pg_table' ensured.
2025/08/26 17:12:59 Init reader
2025/08/26 17:12:59 Starting to read from YDB CDC stream '/local/my_table/my_cdc_stream'...
2025/08/26 17:12:59 Wait
2025/08/26 17:13:21 Starting YDB CDC Processor (Go) with YDB Endpoint: grpc://localhost:2136, YDB Database: /local, PostgreSQL: postgres://postgres:mysecretpassword@localhost:5432/mydb
2025/08/26 17:13:23 ydb connected
2025/08/26 17:13:23 pg connected
2025/08/26 17:13:23 PostgreSQL table 'my_pg_table' ensured.
2025/08/26 17:13:23 Init reader
2025/08/26 17:13:23 Starting to read from YDB CDC stream 'my_table/my_cdc_stream'...
2025/08/26 17:13:23 Wait
2025/08/26 17:13:47 Starting YDB CDC Processor (Go) with YDB Endpoint: grpc://localhost:2136, YDB Database: /local, PostgreSQL: postgres://postgres:mysecretpassword@localhost:5432/mydb
2025/08/26 17:13:58 ydb connected
2025/08/26 17:13:58 pg connected
2025/08/26 17:13:58 PostgreSQL table 'my_pg_table' ensured.
2025/08/26 17:13:58 Init reader
2025/08/26 17:13:58 Starting to read from YDB CDC stream '/my_table/my_cdc_stream'...
2025/08/26 17:13:58 Wait
2025/08/26 17:14:35 Starting YDB CDC Processor (Go) with YDB Endpoint: grpc://localhost:2136, YDB Database: /local, PostgreSQL: postgres://postgres:mysecretpassword@localhost:5432/mydb
2025/08/26 17:14:51 ydb connected
2025/08/26 17:14:51 pg connected
2025/08/26 17:14:51 PostgreSQL table 'my_pg_table' ensured.
2025/08/26 17:22:36 Starting YDB CDC Processor (Go) with YDB Endpoint: grpc://localhost:2136, YDB Database: /local, PostgreSQL: postgres://postgres:mysecretpassword@localhost:5432/mydb
2025/08/26 17:22:38 ydb connected
2025/08/26 17:22:38 pg connected
2025/08/26 17:22:38 PostgreSQL table 'my_pg_table' ensured.
2025/08/26 17:22:38 /local
2025/08/26 17:23:34 Starting YDB CDC Processor (Go) with YDB Endpoint: grpc://localhost:2136, YDB Database: /local, PostgreSQL: postgres://postgres:mysecretpassword@localhost:5432/mydb
2025/08/26 17:23:35 ydb connected
2025/08/26 17:23:35 pg connected
2025/08/26 17:23:35 PostgreSQL table 'my_pg_table' ensured.
2025/08/26 17:23:35 /local/my_table/my_cdc_stream
2025/08/26 17:25:02 Starting YDB CDC Processor (Go) with YDB Endpoint: grpc://localhost:2136, YDB Database: /local, PostgreSQL: postgres://postgres:mysecretpassword@localhost:5432/mydb
2025/08/26 17:25:03 ydb connected
2025/08/26 17:25:03 pg connected
2025/08/26 17:25:03 PostgreSQL table 'my_pg_table' ensured.
2025/08/26 17:25:03 /local/my_table/my_cdc_stream
2025/08/26 17:25:03 Printed topic descr
2025/08/26 17:25:03 Init reader
2025/08/26 17:25:03 Starting to read from YDB CDC stream '/local/my_table/my_cdc_stream'...
2025/08/26 17:25:03 Wait
2025/08/26 17:27:28 Starting YDB CDC Processor (Go) with YDB Endpoint: grpc://localhost:2136, YDB Database: /local, PostgreSQL: postgres://postgres:mysecretpassword@localhost:5432/mydb
2025/08/26 17:27:45 ydb connected
2025/08/26 17:27:45 pg connected
2025/08/26 17:27:45 PostgreSQL table 'my_pg_table' ensured.
2025/08/26 17:27:45 /local/my_table/my_cdc_stream
2025/08/26 17:27:45 Printed topic descr
2025/08/26 17:27:45 Init reader
2025/08/26 17:27:45 Starting to read from YDB CDC stream '/local/my_table/my_cdc_stream'...
2025/08/26 17:31:30 Starting YDB CDC Processor (Go) with YDB Endpoint: grpc://localhost:2136, YDB Database: /local, PostgreSQL: postgres://postgres:mysecretpassword@localhost:5432/mydb
2025/08/26 17:31:32 ydb connected
2025/08/26 17:31:32 pg connected
2025/08/26 17:31:32 PostgreSQL table 'my_pg_table' ensured.
2025/08/26 17:31:32 /local/my_table/my_cdc_stream
2025/08/26 17:31:32 Printed topic descr
2025/08/26 17:31:32 Init reader
2025/08/26 17:31:32 Starting to read from YDB CDC stream '/local/my_table/my_cdc_stream'...
2025/08/26 17:31:41 Starting YDB CDC Processor (Go) with YDB Endpoint: grpc://localhost:2136, YDB Database: /local, PostgreSQL: postgres://postgres:mysecretpassword@localhost:5432/mydb
2025/08/26 17:31:48 ydb connected
2025/08/26 17:31:48 pg connected
2025/08/26 17:31:48 PostgreSQL table 'my_pg_table' ensured.
2025/08/26 17:31:48 /local/my_table/my_cdc_stream
2025/08/26 17:34:45 Starting YDB CDC Processor (Go) with YDB Endpoint: grpc://localhost:2136, YDB Database: /local, PostgreSQL: postgres://postgres:mysecretpassword@localhost:5432/mydb
2025/08/26 17:34:46 ydb connected
2025/08/26 17:34:46 pg connected
2025/08/26 17:34:46 PostgreSQL table 'my_pg_table' ensured.
2025/08/26 17:34:59 Starting YDB CDC Processor (Go) with YDB Endpoint: grpc://localhost:2136, YDB Database: /local, PostgreSQL: postgres://postgres:mysecretpassword@localhost:5432/mydb
2025/08/26 17:35:00 ydb connected
2025/08/26 17:38:10 Starting YDB CDC Processor (Go) with YDB Endpoint: grpc://localhost:2136, YDB Database: /local, PostgreSQL: postgres://postgres:mysecretpassword@localhost:5432/mydb
2025/08/26 17:38:11 ydb connected
2025/08/26 17:38:35 Starting YDB CDC Processor (Go) with YDB Endpoint: grpc://localhost:2136, YDB Database: /local, PostgreSQL: postgres://postgres:mysecretpassword@localhost:5432/mydb
2025/08/26 17:38:37 ydb connected
2025/08/26 17:38:37 Failed to connect to YDB: non-retryable error occurred on attempt No.1 (idempotent=true): cluster discovery failed (endpoint:"localhost:2136",database:"/locals",credentials:"Anonymous{From:\"github.com/ydb-platform/ydb-go-sdk/v3/config.defaultConfig(defaults.go:108)\"}"): failed to discover database "/locals" (address "localhost:2136", traceID "b93a762f-df63-460b-b2d0-307327238e54"): rpc error: code = Unauthenticated desc = unauthenticated, unauthenticated, Unknown database at `github.com/ydb-platform/ydb-go-sdk/v3/internal/discovery.Discover(discovery.go:55)` at `github.com/ydb-platform/ydb-go-sdk/v3/internal/balancer.New.makeDiscoveryFunc.func7(balancer.go:262)` at `github.com/ydb-platform/ydb-go-sdk/v3/internal/balancer.(*Balancer).clusterDiscoveryAttempt(balancer.go:161)` at `github.com/ydb-platform/ydb-go-sdk/v3/internal/balancer.(*Balancer).clusterDiscoveryAttemptWithDial(balancer.go:140)` at `github.com/ydb-platform/ydb-go-sdk/v3/internal/balancer.(*Balancer).clusterDiscovery.func1(balancer.go:60)` at `github.com/ydb-platform/ydb-go-sdk/v3/retry.Retry.func1(retry.go:264)` at `github.com/ydb-platform/ydb-go-sdk/v3/retry.opWithRecover(retry.go:418)` at `github.com/ydb-platform/ydb-go-sdk/v3/retry.RetryWithResult(retry.go:358)` at `github.com/ydb-platform/ydb-go-sdk/v3/retry.Retry(retry.go:270)` at `github.com/ydb-platform/ydb-go-sdk/v3/internal/balancer.New(balancer.go:313)` at `github.com/ydb-platform/ydb-go-sdk/v3.(*Driver).connect(driver.go:458)` at `github.com/ydb-platform/ydb-go-sdk/v3.Open(driver.go:314)`
2025/08/26 17:38:47 Starting YDB CDC Processor (Go) with YDB Endpoint: grpc://localhost:2136, YDB Database: /local, PostgreSQL: postgres://postgres:mysecretpassword@localhost:5432/mydb
2025/08/26 17:38:48 ydb connected
2025/08/26 17:41:34 Starting YDB CDC Processor (Go) with YDB Endpoint: grpc://localhost:2135, YDB Database: /local, PostgreSQL: postgres://postgres:mysecretpassword@localhost:5432/mydb
2025/08/26 17:42:06 Starting YDB CDC Processor (Go) with YDB Endpoint: grpc://localhost:2136, YDB Database: /local, PostgreSQL: postgres://postgres:mysecretpassword@localhost:5432/mydb
2025/08/26 17:42:08 ydb connected
